F:\CODE\PROGRAM\CONNECTMYSQL\CONNECTMYSQL\DEBUG\CONNECTMYSQL.OBJ
F:\CODE\PROGRAM\CONNECTMYSQL\CONNECTMYSQL\DEBUG\MAIN.OBJ
F:\CODE\PROGRAM\CONNECTMYSQL\CONNECTMYSQL\DEBUG\VC110.PDB
F:\CODE\PROGRAM\CONNECTMYSQL\DEBUG\CONNECTMYSQL.ILK
F:\CODE\PROGRAM\CONNECTMYSQL\DEBUG\CONNECTMYSQL.EXE
F:\CODE\PROGRAM\CONNECTMYSQL\DEBUG\CONNECTMYSQL.PDB
F:\Code\program\connectmysql\connectmysql\Debug\main.obj
F:\Code\program\connectmysql\connectmysql\Debug\cl.command.1.tlog
F:\Code\program\connectmysql\connectmysql\Debug\CL.read.1.tlog
F:\Code\program\connectmysql\connectmysql\Debug\CL.write.1.tlog
F:\Code\program\connectmysql\connectmysql\Debug\link-cvtres.read.1.tlog
F:\Code\program\connectmysql\connectmysql\Debug\link-cvtres.write.1.tlog
F:\Code\program\connectmysql\connectmysql\Debug\link-rc.read.1.tlog
F:\Code\program\connectmysql\connectmysql\Debug\link-rc.write.1.tlog
F:\Code\program\connectmysql\connectmysql\Debug\link.command.1.tlog
F:\Code\program\connectmysql\connectmysql\Debug\link.read.1.tlog
F:\Code\program\connectmysql\connectmysql\Debug\link.write.1.tlog
F:\Code\program\connectmysql\connectmysql\Debug\vc110.idb
F:\Code\program\connectmysql\connectmysql\Debug\vc110.pdb
F:\Code\program\connectmysql\Debug\connectmysql.pdb
F:\Code\program\connectmysql\Debug\connectmysql.exe
F:\Code\program\connectmysql\Debug\connectmysql.ilk
